<?xml version="1.0" encoding="UTF-8"?>
<!-- Generated by org.testng.reporters.JUnitReportReporter -->
<testsuite hostname="DESKTOP-6EVPK3P" failures="0" tests="18" name="rsa_Tests.DataDrivenTest" time="47.560" errors="0" timestamp="2023-04-23T21:42:11 IST" skipped="0">
  <testcase classname="rsa_Tests.DataDrivenTest" name="loginTest" time="3.367"/>
  <system-out/>
  <testcase classname="rsa_Tests.DataDrivenTest" name="loginTest" time="3.650"/>
  <system-out/>
  <testcase classname="rsa_Tests.DataDrivenTest" name="loginTest" time="2.330"/>
  <system-out/>
  <testcase classname="rsa_Tests.DataDrivenTest" name="loginTest" time="3.448"/>
  <system-out/>
  <testcase classname="rsa_Tests.DataDrivenTest" name="loginTest" time="3.255"/>
  <system-out/>
  <testcase classname="rsa_Tests.DataDrivenTest" name="loginTest" time="2.332"/>
  <system-out/>
  <testcase classname="rsa_Tests.DataDrivenTest" name="loginTest" time="2.236"/>
  <system-out/>
  <testcase classname="rsa_Tests.DataDrivenTest" name="loginTest" time="2.236"/>
  <system-out/>
  <testcase classname="rsa_Tests.DataDrivenTest" name="loginTest" time="2.335"/>
  <system-out/>
  <testcase classname="rsa_Tests.DataDrivenTest" name="loginTest" time="2.205"/>
  <system-out/>
  <testcase classname="rsa_Tests.DataDrivenTest" name="loginTest" time="2.046"/>
  <system-out/>
  <testcase classname="rsa_Tests.DataDrivenTest" name="loginTest" time="2.443"/>
  <system-out/>
  <testcase classname="rsa_Tests.DataDrivenTest" name="loginTest" time="2.244"/>
  <system-out/>
  <testcase classname="rsa_Tests.DataDrivenTest" name="loginTest" time="2.242"/>
  <system-out/>
  <testcase classname="rsa_Tests.DataDrivenTest" name="loginTest" time="3.297"/>
  <system-out/>
  <testcase classname="rsa_Tests.DataDrivenTest" name="loginTest" time="2.183"/>
  <system-out/>
  <testcase classname="rsa_Tests.DataDrivenTest" name="loginTest" time="3.500"/>
  <system-out/>
  <testcase classname="rsa_Tests.DataDrivenTest" name="loginTest" time="2.211"/>
  <system-out/>
</testsuite> <!-- rsa_Tests.DataDrivenTest -->
