<?xml version="1.0" encoding="UTF-8"?>
<!-- Generated by org.testng.reporters.JUnitReportReporter -->
<testsuite hostname="DESKTOP-6EVPK3P" failures="0" tests="1" name="rsa_Tests.SeleniumGridC" time="3.642" errors="0" timestamp="2023-04-23T23:45:46 IST" skipped="0">
  <testcase classname="rsa_Tests.SeleniumGridC" name="homepagecheckC" time="3.642"/>
  <system-out/>
</testsuite> <!-- rsa_Tests.SeleniumGridC -->
