<?xml version="1.0" encoding="UTF-8"?>
<!-- Generated by org.testng.reporters.JUnitReportReporter -->
<testsuite hostname="DESKTOP-6EVPK3P" failures="0" tests="18" name="rsa_Tests.DataDrivenTest" time="50.848" errors="0" timestamp="2023-04-23T20:59:51 IST" skipped="0">
  <testcase classname="rsa_Tests.DataDrivenTest" name="loginTest" time="3.312"/>
  <system-out/>
  <testcase classname="rsa_Tests.DataDrivenTest" name="loginTest" time="3.352"/>
  <system-out/>
  <testcase classname="rsa_Tests.DataDrivenTest" name="loginTest" time="3.353"/>
  <system-out/>
  <testcase classname="rsa_Tests.DataDrivenTest" name="loginTest" time="3.324"/>
  <system-out/>
  <testcase classname="rsa_Tests.DataDrivenTest" name="loginTest" time="3.513"/>
  <system-out/>
  <testcase classname="rsa_Tests.DataDrivenTest" name="loginTest" time="2.174"/>
  <system-out/>
  <testcase classname="rsa_Tests.DataDrivenTest" name="loginTest" time="2.205"/>
  <system-out/>
  <testcase classname="rsa_Tests.DataDrivenTest" name="loginTest" time="2.147"/>
  <system-out/>
  <testcase classname="rsa_Tests.DataDrivenTest" name="loginTest" time="3.419"/>
  <system-out/>
  <testcase classname="rsa_Tests.DataDrivenTest" name="loginTest" time="2.236"/>
  <system-out/>
  <testcase classname="rsa_Tests.DataDrivenTest" name="loginTest" time="2.192"/>
  <system-out/>
  <testcase classname="rsa_Tests.DataDrivenTest" name="loginTest" time="2.151"/>
  <system-out/>
  <testcase classname="rsa_Tests.DataDrivenTest" name="loginTest" time="2.156"/>
  <system-out/>
  <testcase classname="rsa_Tests.DataDrivenTest" name="loginTest" time="3.322"/>
  <system-out/>
  <testcase classname="rsa_Tests.DataDrivenTest" name="loginTest" time="4.308"/>
  <system-out/>
  <testcase classname="rsa_Tests.DataDrivenTest" name="loginTest" time="2.170"/>
  <system-out/>
  <testcase classname="rsa_Tests.DataDrivenTest" name="loginTest" time="2.144"/>
  <system-out/>
  <testcase classname="rsa_Tests.DataDrivenTest" name="loginTest" time="3.370"/>
  <system-out/>
</testsuite> <!-- rsa_Tests.DataDrivenTest -->
